C51 COMPILER V9.00   PRO06                                                                 02/06/2017 00:33:26 PAGE 1   


C51 COMPILER V9.00, COMPILATION OF MODULE PRO06
OBJECT MODULE PLACED IN pro06.OBJ
COMPILER INVOKED BY: D:\_RUANJIAN\keil\C51\BIN\C51.EXE pro06.c BROWSE DEBUG OBJECTEXTEND

line level    source

   1          //Á÷Ë®µÆ2
   2          
   3          #include <reg52.h>
   4          #include <intrins.h>
   5          
   6          void delay(int i)
   7          {       int j;
   8   1              
   9   1              for(;i>0;i--)
  10   1                      for(j=500;j>0;j--);
  11   1      }
  12          
  13          void main()
  14          {       int k;
  15   1      
  16   1              while(1)
  17   1              {       P1=0x33;
  18   2                      for(k=0;k<=24;k++)
  19   2                      {       delay(30);
  20   3                              P1=_crol_(P1,1);
  21   3                      }
  22   2                      P1=0x33;
  23   2                      for(k=0;k<=24;k++)
  24   2                      {       delay(30);
  25   3                              P1=_cror_(P1,1);
  26   3                      }
  27   2              }
  28   1      }


MODULE INFORMATION:   STATIC OVERLAYABLE
   CODE SIZE        =    113    ----
   CONSTANT SIZE    =   ----    ----
   XDATA SIZE       =   ----    ----
   PDATA SIZE       =   ----    ----
   DATA SIZE        =   ----    ----
   IDATA SIZE       =   ----    ----
   BIT SIZE         =   ----    ----
END OF MODULE INFORMATION.


C51 COMPILATION COMPLETE.  0 WARNING(S),  0 ERROR(S)
