C51 COMPILER V9.00   PRO10                                                                 02/23/2017 23:14:00 PAGE 1   


C51 COMPILER V9.00, COMPILATION OF MODULE PRO10
OBJECT MODULE PLACED IN pro10.OBJ
COMPILER INVOKED BY: D:\_RUANJIAN\keil\C51\BIN\C51.EXE pro10.c BROWSE DEBUG OBJECTEXTEND

line level    source

   1          //x'xx".x秒表
   2          
   3          #include <reg52.h>
   4          int i=2,dsec,sec,min;
   5          int table[]={0xc0,0xf9,0xa4,0xb0,0x99,
   6                       0x92,0x82,0xf8,0x80,0x90};
   7          sbit P2_0 = P2^0;
   8          sbit P2_1 = P2^1;
   9          sbit P2_2 = P2^2;
  10          sbit P2_3 = P2^3;
  11          
  12          void main()
  13          {       int j;
  14   1      
  15   1              TMOD=0x01;
  16   1              TH0=0x3c;
  17   1              TL0=0xb0;
  18   1              EA=1;           //开中断
  19   1              ET0=1;          //允许定时器0中断
  20   1              TR0=1;          //启动定时器0
  21   1              while(1)
  22   1              {       P0=table[min]-0x80;
  23   2                      P2_0 = 0;
  24   2                      for(j=0;j<20;j++);
  25   2                      P2_0 = 1;
  26   2      
  27   2                      P0=table[sec/10];
  28   2                      P2_1 = 0;
  29   2                      for(j=0;j<20;j++);
  30   2                      P2_1 = 1;
  31   2      
  32   2                      P0=table[sec%10]-0x80;
  33   2                      P2_2 = 0;
  34   2                      for(j=0;j<20;j++);
  35   2                      P2_2 = 1;
  36   2      
  37   2                      P0=table[dsec];
  38   2                      P2_3 = 0;
  39   2                      for(j=0;j<20;j++);
  40   2                      P2_3 = 1;
  41   2              }       
  42   1      }
  43          
  44          void t0(void) interrupt 1
  45          {       TH0=0x3c;
  46   1              TL0=0xb0;
  47   1              i--;
  48   1              if(i<=0)
  49   1              {       dsec++;
  50   2      
  51   2                      if(dsec==10)
  52   2                      {       sec++;
  53   3                              dsec=0;
  54   3      
  55   3                              if(sec==60)
C51 COMPILER V9.00   PRO10                                                                 02/23/2017 23:14:00 PAGE 2   

  56   3                              {       min++;
  57   4                                      sec=0;
  58   4      
  59   4                                      if(min==10)
  60   4                                              min=0;
  61   4                              }
  62   3                      }
  63   2                      i=2;
  64   2              }
  65   1      }


MODULE INFORMATION:   STATIC OVERLAYABLE
   CODE SIZE        =    258    ----
   CONSTANT SIZE    =   ----    ----
   XDATA SIZE       =   ----    ----
   PDATA SIZE       =   ----    ----
   DATA SIZE        =     28    ----
   IDATA SIZE       =   ----    ----
   BIT SIZE         =   ----    ----
END OF MODULE INFORMATION.


C51 COMPILATION COMPLETE.  0 WARNING(S),  0 ERROR(S)
