C51 COMPILER V9.00   PRO13V2                                                               03/18/2017 11:41:17 PAGE 1   


C51 COMPILER V9.00, COMPILATION OF MODULE PRO13V2
OBJECT MODULE PLACED IN pro13V2.OBJ
COMPILER INVOKED BY: D:\_RUANJIAN\keil\C51\BIN\C51.EXE pro13V2.c BROWSE DEBUG OBJECTEXTEND

line level    source

   1          //P1ø⁄Õ‚Ω”æÿ’Ûº¸≈Ã
   2          
   3          #include <reg52.h>
   4          
   5          sbit P1_0 = P1^0;
   6          sbit P1_1 = P1^1;
   7          sbit P1_2 = P1^2;
   8          sbit P1_3 = P1^3;
   9          sbit P1_4 = P1^4;
  10          sbit P1_5 = P1^5;
  11          sbit P1_6 = P1^6;
  12          sbit P1_7 = P1^7;
  13          sbit P2_0 = P2^0;
  14          sbit P2_1 = P2^1;
  15          sbit P2_2 = P2^2;
  16          sbit P2_3 = P2^3;
  17          
  18          int l;
  19          int keynum[4][5]={{ 1, 2, 3, 4,21},
  20                            { 5, 6, 7, 8,22},
  21                            { 9,10,11,12,23},
  22                            {13,14,15,16,24}};
  23          int table[]={0xc0,0xf9,0xa4,0xb0,0x99,
  24                       0x92,0x82,0xf8,0x80,0x90};
  25          
  26          int keyboard()
  27          {       
  28   1              int i,j,t;
  29   1      
  30   1              l=1;
  31   1              P1=0xf0;
  32   1      
  33   1              if(P1_4==0)
  34   1              {                       
  35   2                      for(t=0;t<20;t++);
  36   2                      if(P1_4==0)
  37   2                              i=0;
  38   2              }
  39   1              else
  40   1                      if(P1_5==0)
  41   1                      {                       
  42   2                              for(t=0;t<20;t++);
  43   2                              if(P1_5==0)
  44   2                                      i=1;
  45   2                      }
  46   1                      else
  47   1                              if(P1_6==0)
  48   1                              {                       
  49   2                                      for(t=0;t<20;t++);
  50   2                                      if(P1_6==0)
  51   2                                              i=2;
  52   2                              }
  53   1                              else
  54   1                                      if(P1_7==0)
  55   1                                      {                       
C51 COMPILER V9.00   PRO13V2                                                               03/18/2017 11:41:17 PAGE 2   

  56   2                                              for(t=0;t<20;t++);
  57   2                                              if(P1_7==0)
  58   2                                                      i=3;
  59   2                                      }
  60   1                                      else
  61   1                                              l=0;                                                                                                                                              
  62   1      
  63   1              if(l==1)
  64   1              {
  65   2                      P1_3=1;
  66   2                      if(P1_4&&P1_5&&P1_6&&P1_7) 
  67   2                              j=0;
  68   2                      else
  69   2                      {
  70   3                              P1_3=0;
  71   3                              P1_2=1;
  72   3                              if(P1_4&&P1_5&&P1_6&&P1_7)
  73   3                                      j=1;
  74   3                              else
  75   3                              {
  76   4                                      P1_2=0;
  77   4                                      P1_1=1;
  78   4                                      if(P1_4&&P1_5&&P1_6&&P1_7)
  79   4                                              j=2;
  80   4                                      else
  81   4                                      {
  82   5                                              P1_1=0;
  83   5                                              P1_0=1;
  84   5                                              if(P1_4&&P1_5&&P1_6&&P1_7)
  85   5                                                      j=3;
  86   5                                              else
  87   5                                                      j=4;
  88   5                                      }                       
  89   4                              }
  90   3                      }
  91   2              }
  92   1              return(keynum[i][j]);
  93   1      }
  94          
  95          void main()
  96          {
  97   1              int temp,o,t;
  98   1      
  99   1              while(1)
 100   1              {
 101   2                      temp=keyboard();
 102   2                      if(l==1)
 103   2                              o=temp;
 104   2      
 105   2                      P0=table[o/10];
 106   2                      P2_2 = 0;
 107   2                      for(t=0;t<20;t++);
 108   2                      P2_2 = 1;
 109   2      
 110   2                      P0=table[o%10];
 111   2                      P2_3 = 0;
 112   2                      for(t=0;t<20;t++);
 113   2                      P2_3 = 1;
 114   2              }
 115   1      }


C51 COMPILER V9.00   PRO13V2                                                               03/18/2017 11:41:17 PAGE 3   

MODULE INFORMATION:   STATIC OVERLAYABLE
   CODE SIZE        =    319    ----
   CONSTANT SIZE    =   ----    ----
   XDATA SIZE       =   ----    ----
   PDATA SIZE       =   ----    ----
   DATA SIZE        =     62       2
   IDATA SIZE       =   ----    ----
   BIT SIZE         =   ----    ----
END OF MODULE INFORMATION.


C51 COMPILATION COMPLETE.  0 WARNING(S),  0 ERROR(S)
