C51 COMPILER V9.00   PRO07                                                                 02/21/2017 22:17:01 PAGE 1   


C51 COMPILER V9.00, COMPILATION OF MODULE PRO07
OBJECT MODULE PLACED IN pro07.OBJ
COMPILER INVOKED BY: D:\_RUANJIAN\keil\C51\BIN\C51.EXE pro07.c BROWSE DEBUG OBJECTEXTEND

line level    source

   1          //数码管锁存器功能试验
   2          
   3          #include <reg52.h>
   4          sbit P2_0 = P2^0;
   5          sbit P2_1 = P2^1;
   6          sbit P2_2 = P2^2;
   7          sbit P2_3 = P2^3;
   8          
   9          void main()
  10          {       while(1)                //去掉这行似乎也能用，不过颜色浅一些(⊙⊙)
  11   1                                              //据说与看门狗有关？暂时不懂
  12   1              {       P0=0xc0;
  13   2                      P2_0=P2_1=P2_2=P2_3=0;
  14   2                      P2_0=P2_1=P2_2=P2_3=1;
  15   2              }
  16   1      }


MODULE INFORMATION:   STATIC OVERLAYABLE
   CODE SIZE        =     21    ----
   CONSTANT SIZE    =   ----    ----
   XDATA SIZE       =   ----    ----
   PDATA SIZE       =   ----    ----
   DATA SIZE        =   ----    ----
   IDATA SIZE       =   ----    ----
   BIT SIZE         =   ----    ----
END OF MODULE INFORMATION.


C51 COMPILATION COMPLETE.  0 WARNING(S),  0 ERROR(S)
