C51 COMPILER V9.00   PRO09                                                                 02/23/2017 16:01:22 PAGE 1   


C51 COMPILER V9.00, COMPILATION OF MODULE PRO09
OBJECT MODULE PLACED IN pro09.OBJ
COMPILER INVOKED BY: D:\_RUANJIAN\keil\C51\BIN\C51.EXE pro09.c BROWSE DEBUG OBJECTEXTEND

line level    source

   1          //定时器0工作方式1允许中断，使LED每0.5s亮一次
   2          
   3          #include <reg52.h>
   4          int i=100;
   5          
   6          void main()
   7          {       TMOD=0x01;
   8   1              TH0=0xec;
   9   1              TL0=0x78;
  10   1              P1=0x00;
  11   1              EA=1;           //开中断
  12   1              ET0=1;          //允许定时器0中断
  13   1              TR0=1;          //启动定时器0
  14   1              while(1);       
  15   1      }
  16          
  17          void t0(void) interrupt 1
  18          {       TH0=0xec;
  19   1              TL0=0x78;
  20   1              i--;
  21   1              if(i<=0)
  22   1              {       P1=~P1;
  23   2                      i=100;
  24   2              }
  25   1      }


MODULE INFORMATION:   STATIC OVERLAYABLE
   CODE SIZE        =     65    ----
   CONSTANT SIZE    =   ----    ----
   XDATA SIZE       =   ----    ----
   PDATA SIZE       =   ----    ----
   DATA SIZE        =      2    ----
   IDATA SIZE       =   ----    ----
   BIT SIZE         =   ----    ----
END OF MODULE INFORMATION.


C51 COMPILATION COMPLETE.  0 WARNING(S),  0 ERROR(S)
