C51 COMPILER V9.00   PRO12                                                                 02/27/2017 20:22:53 PAGE 1   


C51 COMPILER V9.00, COMPILATION OF MODULE PRO12
OBJECT MODULE PLACED IN pro12.OBJ
COMPILER INVOKED BY: D:\_RUANJIAN\keil\C51\BIN\C51.EXE pro12.c BROWSE DEBUG OBJECTEXTEND

line level    source

   1          //键盘试验
   2          
   3          #include <reg52.h>
   4          sbit key1=P3^2;
   5          sbit key2=P3^3;
   6          sbit key3=P3^4;
   7          sbit key4=P3^5;
   8          
   9          void delay(int n)
  10          {       int i,j;
  11   1      
  12   1              for(i=0;i<n;i++)
  13   1                      for(j=0;j<10000;j++);
  14   1      }
  15          
  16          void main()
  17          {       int i;  
  18   1      
  19   1              P1=0xff;
  20   1              while(1)
  21   1              {       if(key1==0)             //按S7，LED闪烁一次
  22   2                      {       for(i=0;i<50;i++);
  23   3                              if(key1==0)
  24   3                              {       while(key1==0);
  25   4                                      P1=0x00;
  26   4                                      delay(5);
  27   4                                      P1=0xff;
  28   4                              }
  29   3                      }
  30   2      
  31   2                      if(key2==0)             //按S6，LED闪烁两次
  32   2                      {       for(i=0;i<50;i++);
  33   3                              if(key2==0)
  34   3                              {       while(key2==0);
  35   4                                      P1=0x00;
  36   4                                      delay(5);
  37   4                                      P1=0xff;
  38   4                                      delay(5);
  39   4                                      P1=0x00;
  40   4                                      delay(5);
  41   4                                      P1=0xff;
  42   4                              }
  43   3                      }
  44   2              }
  45   1      }


MODULE INFORMATION:   STATIC OVERLAYABLE
   CODE SIZE        =    119    ----
   CONSTANT SIZE    =   ----    ----
   XDATA SIZE       =   ----    ----
   PDATA SIZE       =   ----    ----
   DATA SIZE        =   ----    ----
   IDATA SIZE       =   ----    ----
   BIT SIZE         =   ----    ----
C51 COMPILER V9.00   PRO12                                                                 02/27/2017 20:22:53 PAGE 2   

END OF MODULE INFORMATION.


C51 COMPILATION COMPLETE.  0 WARNING(S),  0 ERROR(S)
