C51 COMPILER V9.00   PRO04                                                                 02/04/2017 23:17:09 PAGE 1   


C51 COMPILER V9.00, COMPILATION OF MODULE PRO04
OBJECT MODULE PLACED IN pro04.OBJ
COMPILER INVOKED BY: D:\_RUANJIAN\keil\C51\BIN\C51.EXE pro04.c BROWSE DEBUG OBJECTEXTEND

line level    source

   1          //蜂鸣器响
   2          
   3          #include <reg52.h>
   4          sbit BEEP=P0^4;
   5          
   6          void delay(int i)
   7          {       int j;
   8   1              
   9   1              for(;i>0;i--)
  10   1                      for(j=250;j>0;j--);
  11   1      }
  12          
  13          void main()
  14          {       int t;  
  15   1      
  16   1              BEEP=1;
  17   1              while(1)
  18   1              {       for(t=100;t>0;t--)
  19   2                      {       BEEP=~BEEP;             //按位取反
  20   3                              delay(1);               
  21   3                      }
  22   2                      delay(100);
  23   2              }       
  24   1      }


MODULE INFORMATION:   STATIC OVERLAYABLE
   CODE SIZE        =     65    ----
   CONSTANT SIZE    =   ----    ----
   XDATA SIZE       =   ----    ----
   PDATA SIZE       =   ----    ----
   DATA SIZE        =   ----    ----
   IDATA SIZE       =   ----    ----
   BIT SIZE         =   ----    ----
END OF MODULE INFORMATION.


C51 COMPILATION COMPLETE.  0 WARNING(S),  0 ERROR(S)
