C51 COMPILER V9.00   PRO02                                                                 02/03/2017 21:34:19 PAGE 1   


C51 COMPILER V9.00, COMPILATION OF MODULE PRO02
OBJECT MODULE PLACED IN pro02.OBJ
COMPILER INVOKED BY: D:\_RUANJIAN\keil\C51\BIN\C51.EXE pro02.c BROWSE DEBUG OBJECTEXTEND

line level    source

   1          //Î»²Ù×÷µãÁÁLED
   2          
   3          #include <reg52.h>
   4          sbit D1=P1^0;
   5          
   6          void main()
   7          {       D1=0;
   8   1      }


MODULE INFORMATION:   STATIC OVERLAYABLE
   CODE SIZE        =      3    ----
   CONSTANT SIZE    =   ----    ----
   XDATA SIZE       =   ----    ----
   PDATA SIZE       =   ----    ----
   DATA SIZE        =   ----    ----
   IDATA SIZE       =   ----    ----
   BIT SIZE         =   ----    ----
END OF MODULE INFORMATION.


C51 COMPILATION COMPLETE.  0 WARNING(S),  0 ERROR(S)
