C51 COMPILER V9.00   PRO01                                                                 02/03/2017 21:24:44 PAGE 1   


C51 COMPILER V9.00, COMPILATION OF MODULE PRO01
OBJECT MODULE PLACED IN pro01.OBJ
COMPILER INVOKED BY: D:\_RUANJIAN\keil\C51\BIN\C51.EXE pro01.c BROWSE DEBUG OBJECTEXTEND

line level    source

   1          //总线操作点亮LED
   2          
   3          #include <reg52.h>
   4          
   5          void main()
   6          {       P1=0x55;        
   7   1      }


MODULE INFORMATION:   STATIC OVERLAYABLE
   CODE SIZE        =      4    ----
   CONSTANT SIZE    =   ----    ----
   XDATA SIZE       =   ----    ----
   PDATA SIZE       =   ----    ----
   DATA SIZE        =   ----    ----
   IDATA SIZE       =   ----    ----
   BIT SIZE         =   ----    ----
END OF MODULE INFORMATION.


C51 COMPILATION COMPLETE.  0 WARNING(S),  0 ERROR(S)
