C51 COMPILER V9.00   PRO08                                                                 02/23/2017 15:43:38 PAGE 1   


C51 COMPILER V9.00, COMPILATION OF MODULE PRO08
OBJECT MODULE PLACED IN pro08.OBJ
COMPILER INVOKED BY: D:\_RUANJIAN\keil\C51\BIN\C51.EXE pro08.c BROWSE DEBUG OBJECTEXTEND

line level    source

   1          //定时器0工作方式1禁止中断，使LED每0.5s亮一次
   2          
   3          #include <reg52.h>
   4          
   5          void delay(int i)
   6          {       TMOD=0x01;              //定时器0工作方式1
   7   1              IE=0x00;                //禁止中断
   8   1              TR0=1;                  //启动定时器0
   9   1              while(i!=0)
  10   1              {       TH0=0xec;
  11   2                      TL0=0x78;
  12   2                      while(TF0!=1);
  13   2                      TF0=0;          //计时时间到，清零
  14   2                      i--;
  15   2              }
  16   1              TR0=0;                  //关闭定时器0
  17   1      }
  18          
  19          void main()
  20          {       for(;;)
  21   1              {       P1=0x00;
  22   2                      delay(100);
  23   2                      P1=0xff;
  24   2                      delay(100);
  25   2              }
  26   1      }


MODULE INFORMATION:   STATIC OVERLAYABLE
   CODE SIZE        =     54    ----
   CONSTANT SIZE    =   ----    ----
   XDATA SIZE       =   ----    ----
   PDATA SIZE       =   ----    ----
   DATA SIZE        =   ----    ----
   IDATA SIZE       =   ----    ----
   BIT SIZE         =   ----    ----
END OF MODULE INFORMATION.


C51 COMPILATION COMPLETE.  0 WARNING(S),  0 ERROR(S)
