C51 COMPILER V9.00   PRO03                                                                 02/04/2017 11:59:02 PAGE 1   


C51 COMPILER V9.00, COMPILATION OF MODULE PRO03
OBJECT MODULE PLACED IN pro03.OBJ
COMPILER INVOKED BY: D:\_RUANJIAN\keil\C51\BIN\C51.EXE pro03.c BROWSE DEBUG OBJECTEXTEND

line level    source

   1          //LED…¡À∏£¨÷‹∆⁄2s
   2          
   3          #include <reg52.h>
   4          
   5          void delay(int i)
   6          {       long j;
   7   1              
   8   1              for(;i>0;i--)
   9   1                      for(j=20403;j>0;j--);
  10   1      }
  11          
  12          void main()
  13          {       P1=0xff;
  14   1              delay(1);
  15   1              P1=0x00;
  16   1              delay(1);
  17   1      }


MODULE INFORMATION:   STATIC OVERLAYABLE
   CODE SIZE        =    103    ----
   CONSTANT SIZE    =   ----    ----
   XDATA SIZE       =   ----    ----
   PDATA SIZE       =   ----    ----
   DATA SIZE        =   ----       4
   IDATA SIZE       =   ----    ----
   BIT SIZE         =   ----    ----
END OF MODULE INFORMATION.


C51 COMPILATION COMPLETE.  0 WARNING(S),  0 ERROR(S)
